<?xml version="1.0" encoding="UTF-8"?>
<!-- Generated by org.testng.reporters.JUnitXMLReporter -->
<testsuite hostname="AMICHAITO1-HHS" ignored="1" name="Automated test - End2End" tests="12" failures="11" timestamp="09 Dec 2019 10:31:37 GMT" time="77.229" errors="0">
  <testcase name="initialOfferQuestions" time="17.869" classname="TestNG.sanityAllOptionsTest"/>
  <testcase name="callMeWizard1" time="35.285" classname="TestNG.sanityAllOptionsTest">
    <failure type="java.lang.Exception" message="Failed in ***Call me wizard 1***">
      <![CDATA[java.lang.Exception: Failed in ***Call me wizard 1***
at TestNG.sanityAllOptionsTest.callMeWizard1(sanityAllOptionsTest.java:444)
at java.util.concurrent.FutureTask.run(Unknown Source)
at java.util.concurrent.ThreadPoolExecutor.runWorker(Unknown Source)
at java.util.concurrent.ThreadPoolExecutor$Worker.run(Unknown Source)
at java.lang.Thread.run(Unknown Source)
... Removed 16 stack frames]]>
    </failure>
  </testcase> <!-- callMeWizard1 -->
  <testcase name="initialOfferScreen" time="2.002" classname="TestNG.sanityAllOptionsTest">
    <failure type="java.lang.Exception" message="Failed in ScreenShot">
      <![CDATA[java.lang.Exception: Failed in ScreenShot
at TestNG.sanityAllOptionsTest.emailException(sanityAllOptionsTest.java:101)
at TestNG.sanityAllOptionsTest.initialOfferScreen(sanityAllOptionsTest.java:531)
at java.util.concurrent.FutureTask.run(Unknown Source)
at java.util.concurrent.ThreadPoolExecutor.runWorker(Unknown Source)
at java.util.concurrent.ThreadPoolExecutor$Worker.run(Unknown Source)
at java.lang.Thread.run(Unknown Source)
... Removed 16 stack frames]]>
    </failure>
  </testcase> <!-- initialOfferScreen -->
  <testcase name="finalOfferQuestions" time="0.002" classname="TestNG.sanityAllOptionsTest">
    <failure type="java.lang.Exception" message="Failed in ScreenShot">
      <![CDATA[java.lang.Exception: Failed in ScreenShot
at TestNG.sanityAllOptionsTest.emailException(sanityAllOptionsTest.java:101)
at TestNG.sanityAllOptionsTest.finalOfferQuestions(sanityAllOptionsTest.java:779)
at java.util.concurrent.FutureTask.run(Unknown Source)
at java.util.concurrent.ThreadPoolExecutor.runWorker(Unknown Source)
at java.util.concurrent.ThreadPoolExecutor$Worker.run(Unknown Source)
at java.lang.Thread.run(Unknown Source)
... Removed 16 stack frames]]>
    </failure>
  </testcase> <!-- finalOfferQuestions -->
  <testcase name="finalOfferScreen" time="0.002" classname="TestNG.sanityAllOptionsTest">
    <failure type="java.lang.Exception" message="Failed in ScreenShot">
      <![CDATA[java.lang.Exception: Failed in ScreenShot
at TestNG.sanityAllOptionsTest.emailException(sanityAllOptionsTest.java:101)
at TestNG.sanityAllOptionsTest.finalOfferScreen(sanityAllOptionsTest.java:841)
at java.util.concurrent.FutureTask.run(Unknown Source)
at java.util.concurrent.ThreadPoolExecutor.runWorker(Unknown Source)
at java.util.concurrent.ThreadPoolExecutor$Worker.run(Unknown Source)
at java.lang.Thread.run(Unknown Source)
... Removed 16 stack frames]]>
    </failure>
  </testcase> <!-- finalOfferScreen -->
  <testcase name="covers" time="0.004" classname="TestNG.sanityAllOptionsTest">
    <failure type="java.lang.Exception" message="Failed in ScreenShot">
      <![CDATA[java.lang.Exception: Failed in ScreenShot
at TestNG.sanityAllOptionsTest.emailException(sanityAllOptionsTest.java:101)
at TestNG.sanityAllOptionsTest.covers(sanityAllOptionsTest.java:920)
at java.util.concurrent.FutureTask.run(Unknown Source)
at java.util.concurrent.ThreadPoolExecutor.runWorker(Unknown Source)
at java.util.concurrent.ThreadPoolExecutor$Worker.run(Unknown Source)
at java.lang.Thread.run(Unknown Source)
... Removed 16 stack frames]]>
    </failure>
  </testcase> <!-- covers -->
  <testcase name="payments" time="1.001" classname="TestNG.sanityAllOptionsTest">
    <failure type="java.lang.Exception" message="Failed in ScreenShot">
      <![CDATA[java.lang.Exception: Failed in ScreenShot
at TestNG.sanityAllOptionsTest.emailException(sanityAllOptionsTest.java:101)
at TestNG.sanityAllOptionsTest.payments(sanityAllOptionsTest.java:971)
at java.util.concurrent.FutureTask.run(Unknown Source)
at java.util.concurrent.ThreadPoolExecutor.runWorker(Unknown Source)
at java.util.concurrent.ThreadPoolExecutor$Worker.run(Unknown Source)
at java.lang.Thread.run(Unknown Source)
... Removed 16 stack frames]]>
    </failure>
  </testcase> <!-- payments -->
  <testcase name="returnSteps" time="0.006" classname="TestNG.sanityAllOptionsTest">
    <failure type="java.lang.Exception" message="Failed in ScreenShot">
      <![CDATA[java.lang.Exception: Failed in ScreenShot
at TestNG.sanityAllOptionsTest.emailException(sanityAllOptionsTest.java:101)
at TestNG.sanityAllOptionsTest.returnSteps(sanityAllOptionsTest.java:1097)
at java.util.concurrent.FutureTask.run(Unknown Source)
at java.util.concurrent.ThreadPoolExecutor.runWorker(Unknown Source)
at java.util.concurrent.ThreadPoolExecutor$Worker.run(Unknown Source)
at java.lang.Thread.run(Unknown Source)
... Removed 16 stack frames]]>
    </failure>
  </testcase> <!-- returnSteps -->
  <testcase name="forwardSteps" time="2.01" classname="TestNG.sanityAllOptionsTest">
    <failure type="java.lang.Exception" message="Failed in ScreenShot">
      <![CDATA[java.lang.Exception: Failed in ScreenShot
at TestNG.sanityAllOptionsTest.emailException(sanityAllOptionsTest.java:101)
at TestNG.sanityAllOptionsTest.forwardSteps(sanityAllOptionsTest.java:1197)
at java.util.concurrent.FutureTask.run(Unknown Source)
at java.util.concurrent.ThreadPoolExecutor.runWorker(Unknown Source)
at java.util.concurrent.ThreadPoolExecutor$Worker.run(Unknown Source)
at java.lang.Thread.run(Unknown Source)
... Removed 16 stack frames]]>
    </failure>
  </testcase> <!-- forwardSteps -->
  <testcase name="iframeCreditGuard" time="10.001" classname="TestNG.sanityAllOptionsTest">
    <failure type="java.lang.Exception" message="Failed in Iframe CreditGuard">
      <![CDATA[java.lang.Exception: Failed in Iframe CreditGuard
at TestNG.sanityAllOptionsTest.iframeCreditGuard(sanityAllOptionsTest.java:1245)
at java.util.concurrent.FutureTask.run(Unknown Source)
at java.util.concurrent.ThreadPoolExecutor.runWorker(Unknown Source)
at java.util.concurrent.ThreadPoolExecutor$Worker.run(Unknown Source)
at java.lang.Thread.run(Unknown Source)
... Removed 16 stack frames]]>
    </failure>
  </testcase> <!-- iframeCreditGuard -->
  <testcase name="thankYouPage" time="5.001" classname="TestNG.sanityAllOptionsTest">
    <failure type="java.lang.Exception" message="Failed to display thank you page">
      <![CDATA[java.lang.Exception: Failed to display thank you page
at TestNG.sanityAllOptionsTest.thankYouPage(sanityAllOptionsTest.java:1262)
at java.util.concurrent.FutureTask.run(Unknown Source)
at java.util.concurrent.ThreadPoolExecutor.runWorker(Unknown Source)
at java.util.concurrent.ThreadPoolExecutor$Worker.run(Unknown Source)
at java.lang.Thread.run(Unknown Source)
... Removed 16 stack frames]]>
    </failure>
  </testcase> <!-- thankYouPage -->
  <testcase name="registeredAccount" time="4.003" classname="TestNG.sanityAllOptionsTest">
    <failure type="org.openqa.selenium.NoSuchSessionException" message="Session ID is null. Using WebDriver after calling quit()?
Build info: version: &amp;apos;3.141.59&amp;apos;, revision: &amp;apos;e82be7d358&amp;apos;, time: &amp;apos;2018-11-14T08:25:48&amp;apos;
System info: host: &amp;apos;AMICHAITO1-HHS&amp;apos;, ip: &amp;apos;10.11.13.60&amp;apos;, os.name: &amp;apos;Windows 10&amp;apos;, os.arch: &amp;apos;amd64&amp;apos;, os.version: &amp;apos;10.0&amp;apos;, java.version: &amp;apos;1.8.0_211&amp;apos;
Driver info: driver.version: RemoteWebDriver">
      <![CDATA[org.openqa.selenium.NoSuchSessionException: Session ID is null. Using WebDriver after calling quit()?
Build info: version: '3.141.59', revision: 'e82be7d358', time: '2018-11-14T08:25:48'
System info: host: 'AMICHAITO1-HHS', ip: '10.11.13.60', os.name: 'Windows 10', os.arch: 'amd64', os.version: '10.0', java.version: '1.8.0_211'
Driver info: driver.version: RemoteWebDriver
at org.openqa.selenium.remote.HttpCommandExecutor.execute(HttpCommandExecutor.java:125)
at org.openqa.selenium.remote.service.DriverCommandExecutor.execute(DriverCommandExecutor.java:83)
at org.openqa.selenium.remote.RemoteWebDriver.execute(RemoteWebDriver.java:552)
at org.openqa.selenium.remote.RemoteWebDriver.execute(RemoteWebDriver.java:609)
at org.openqa.selenium.remote.RemoteWebDriver$RemoteWebDriverOptions.deleteAllCookies(RemoteWebDriver.java:694)
at TestNG.sanityAllOptionsTest.registeredAccount(sanityAllOptionsTest.java:1287)
at java.util.concurrent.FutureTask.run(Unknown Source)
at java.util.concurrent.ThreadPoolExecutor.runWorker(Unknown Source)
at java.util.concurrent.ThreadPoolExecutor$Worker.run(Unknown Source)
at java.lang.Thread.run(Unknown Source)
... Removed 16 stack frames]]>
    </failure>
  </testcase> <!-- registeredAccount -->
  <testcase name="callMeWizard2" time="0.0" classname="TestNG.sanityAllOptionsTest">
    <ignored/>
  </testcase> <!-- callMeWizard2 -->
</testsuite> <!-- Automated test - End2End -->
